# online2-wav-nnet2-latgen-faster --online=true --do-endpointing=false --config=exp/nnet2_online/nnet_a_gpu_online/conf/online_nnet2_decoding.conf --max-active=7000 --beam=15.0 --lattice-beam=6.0 --acoustic-scale=0.1 --word-symbol-table=exp/tri4a/graph/words.txt exp/nnet2_online/nnet_a_gpu_online/final.mdl exp/tri4a/graph/HCLG.fst ark:exp/nnet2_online/nnet_a_gpu_online/decode_utt/per_utt/utt2spk.6 "ark,s,cs:extract-segments scp,p:data/dt/split10utt/6/wav.scp data/dt/split10utt/6/segments ark:- |" "ark:|gzip -c > exp/nnet2_online/nnet_a_gpu_online/decode_utt/lat.6.gz" 
# Started at Fri Jun  2 18:06:59 BST 2017
#
online2-wav-nnet2-latgen-faster --online=true --do-endpointing=false --config=exp/nnet2_online/nnet_a_gpu_online/conf/online_nnet2_decoding.conf --max-active=7000 --beam=15.0 --lattice-beam=6.0 --acoustic-scale=0.1 --word-symbol-table=exp/tri4a/graph/words.txt exp/nnet2_online/nnet_a_gpu_online/final.mdl exp/tri4a/graph/HCLG.fst ark:exp/nnet2_online/nnet_a_gpu_online/decode_utt/per_utt/utt2spk.6 'ark,s,cs:extract-segments scp,p:data/dt/split10utt/6/wav.scp data/dt/split10utt/6/segments ark:- |' 'ark:|gzip -c > exp/nnet2_online/nnet_a_gpu_online/decode_utt/lat.6.gz' 
extract-segments scp,p:data/dt/split10utt/6/wav.scp data/dt/split10utt/6/segments ark:- 
WARNING (extract-segments:Read():wave-reader.cc:230) Expected 9054258 bytes in RIFF chunk, but after first data block there will be 36 + 9054140 bytes (we do not support reading multiple data chunks).
WARNING (extract-segments:Read():wave-reader.cc:230) Expected 7768780 bytes in RIFF chunk, but after first data block there will be 36 + 7768662 bytes (we do not support reading multiple data chunks).
22gc0114 THE GOVERNMENT IS EXPECTED TO SELL ABOUT TWENTY NINE POINT FIVE BILLION DOLLARS OF NEW NOTES AND BONDS STARTING TOMORROW 
LOG (online2-wav-nnet2-latgen-faster:main():online2-wav-nnet2-latgen-faster.cc:273) Decoded utterance 22gc0114
22hc0101 CENTERIOR ENERGY CORPORATION CLEVELAND SAID IT BEGAN A PUBLIC OFFERING OF FOUR MILLION COMMON SHARES AND TWENTY THREE POINT ONE TWO FIVE DOLLARS A SHARE 
LOG (online2-wav-nnet2-latgen-faster:main():online2-wav-nnet2-latgen-faster.cc:273) Decoded utterance 22hc0101
22hc0102 MORGAN STANLEY AND COMPANY IS LEAD UNDERWRITER 
LOG (online2-wav-nnet2-latgen-faster:main():online2-wav-nnet2-latgen-faster.cc:273) Decoded utterance 22hc0102
22hc0103 PROCEEDS WILL BE USED TO FINANCE THE ELECTRIC UTILITY'S CONSTRUCTION PROGRAM AND FOR GENERAL PURPOSES 
LOG (online2-wav-nnet2-latgen-faster:main():online2-wav-nnet2-latgen-faster.cc:273) Decoded utterance 22hc0103
22hc0104 IN NEW YORK STOCK EXCHANGE COMPOSITE TRADING FRIDAY THE COMPANY'S STOCK CLOSED AT TWENTY THREE POINT ONE TWO FIVE DOLLARS UNCHANGED 
LOG (online2-wav-nnet2-latgen-faster:main():online2-wav-nnet2-latgen-faster.cc:273) Decoded utterance 22hc0104
22hc0105 THE FOLLOWING OFFICERS DIRECTORS AND LARGE STOCKHOLDERS OF COMPANIES REPORTED CHANGES IN HOLDINGS UNDER THE SECURITIES EXCHANGE ACT OF NINETEEN THIRTY FOUR 
LOG (online2-wav-nnet2-latgen-faster:main():online2-wav-nnet2-latgen-faster.cc:273) Decoded utterance 22hc0105
22hc0106 THOSE IDENTIFIED AS BENEFICIAL OWNERS HOLD AT LEAST TEN PERCENT OF A COMPANY'S EQUITY SECURITIES 
LOG (online2-wav-nnet2-latgen-faster:main():online2-wav-nnet2-latgen-faster.cc:273) Decoded utterance 22hc0106
22hc0107 UNLESS OTHERWISE NOTED CHANGES INVOLVED DIRECT HOLDINGS OF COMMON STOCK INTO PLACE IN OCTOBER AND NOVEMBER OF NINETEEN EIGHTY SEVEN 
LOG (online2-wav-nnet2-latgen-faster:main():online2-wav-nnet2-latgen-faster.cc:273) Decoded utterance 22hc0107
22hc0108 COMPANIES ARE LISTED WHERE TRANSACTIONS GENERALLY AGGREGATE TEN THOUSAND SHARES OR ONE HUNDRED THOUSAND DOLLARS 
LOG (online2-wav-nnet2-latgen-faster:main():online2-wav-nnet2-latgen-faster.cc:273) Decoded utterance 22hc0108
22hc0109 THE PANEL MADE SEVERAL OTHER RECOMMENDATIONS CONCERNING PROGRAM TRADING INCLUDING CONSOLIDATING REGULATORY AUTHORITY OVER ALL U. S. FINANCIAL MARKETS UNDER ONE GOVERNMENT AGENCY 
LOG (online2-wav-nnet2-latgen-faster:main():online2-wav-nnet2-latgen-faster.cc:273) Decoded utterance 22hc0109
22hc010a IT ALSO PROPOSED RAISING MARGIN IN CAPITAL REQUIREMENTS FOR TRADING ON THE FUTURES EXCHANGES 
LOG (online2-wav-nnet2-latgen-faster:main():online2-wav-nnet2-latgen-faster.cc:273) Decoded utterance 22hc010a
22hc010b IN ITS HEAD TRADER SHOULD BE ABLE TO DELIVER ACTUAL STOCKS TO SELL FUTURES CONTRACT OBLIGATIONS STOCK INDEX FUTURES CURRENTLY ARE SETTLED IN CASH AND ONE EXPIRATION 
LOG (online2-wav-nnet2-latgen-faster:main():online2-wav-nnet2-latgen-faster.cc:273) Decoded utterance 22hc010b
22hc010c TRADERS SAID THE REASON BEHIND THE FIRST OUR FOCUS IS THE ACTION IN THE DOLLAR 
LOG (online2-wav-nnet2-latgen-faster:main():online2-wav-nnet2-latgen-faster.cc:273) Decoded utterance 22hc010c
22hc010d THE DOLLAR IS STILL THE KEY SAID JACK P. BAKER HEAD OF BLOCK TRADING AT SHEARSON LEHMAN BROTHERS INCORPORATED NEW YORK 
LOG (online2-wav-nnet2-latgen-faster:main():online2-wav-nnet2-latgen-faster.cc:273) Decoded utterance 22hc010d
22hc010e YESTERDAY THE DOLLAR EASED SLIGHTLY AGAINST MOST MAJOR FOREIGN CURRENCIES CHEERING SOME STOCK MARKET PLAYERS WITH ITS RELATIVE STABILITY 
LOG (online2-wav-nnet2-latgen-faster:main():online2-wav-nnet2-latgen-faster.cc:273) Decoded utterance 22hc010e
22hc010f CONSUMER SPENDING SURGED ZERO POINT SEVEN PERCENT IN JUNE LED BY A JUMP IN AUTO SALES 
LOG (online2-wav-nnet2-latgen-faster:main():online2-wav-nnet2-latgen-faster.cc:273) Decoded utterance 22hc010f
22hc010g DESPITE THE UNEXPECTED STRENGTH ECONOMISTS SAY SPENDING WILL SLOW SOON TO SLUGGISH INCOME GROWTH RISING PRICES AND HIGH CONSUMER DEBT 
LOG (online2-wav-nnet2-latgen-faster:main():online2-wav-nnet2-latgen-faster.cc:273) Decoded utterance 22hc010g
22hc010h INCOME ROSE ZERO POINT FOUR PERCENT LAST MONTH 
LOG (online2-wav-nnet2-latgen-faster:main():online2-wav-nnet2-latgen-faster.cc:273) Decoded utterance 22hc010h
22hc010i AS PREVIOUSLY REPORTED THOMPSON HAS A TENDER OFFER OUTSTANDING TO BUY THIRTY ONE POINT FIVE MILLION SOUTHLAND COMMON SHARES FOR SEVENTY SEVEN DOLLARS A SHARE 
LOG (online2-wav-nnet2-latgen-faster:main():online2-wav-nnet2-latgen-faster.cc:273) Decoded utterance 22hc010i
22hc010j THE OFFER EXPIRES FRIDAY 
LOG (online2-wav-nnet2-latgen-faster:main():online2-wav-nnet2-latgen-faster.cc:273) Decoded utterance 22hc010j
22hc010k COMMON SHARES THAT AREN'T PURCHASED WILL BE EXCHANGED FOR THE COMBINATION OF NEW PREFERRED AND CASH 
LOG (online2-wav-nnet2-latgen-faster:main():online2-wav-nnet2-latgen-faster.cc:273) Decoded utterance 22hc010k
22hc010l THE FIVE PERMANENT MEMBERS ARE THE U. S. BRITAIN FRANCE CHINA AND THE SOVIET UNION 
LOG (online2-wav-nnet2-latgen-faster:main():online2-wav-nnet2-latgen-faster.cc:273) Decoded utterance 22hc010l
22hc010m U. S. ANALYSTS ARE UNCERTAIN WHETHER THE SOVIETS IN CHINA WILL SUPPORT THE EMBARGO RESOLUTION 
LOG (online2-wav-nnet2-latgen-faster:main():online2-wav-nnet2-latgen-faster.cc:273) Decoded utterance 22hc010m
22hc010n CHINA HAS BEEN A PRINCIPAL ARMS SUPPLIER FOR IRAN 
LOG (online2-wav-nnet2-latgen-faster:main():online2-wav-nnet2-latgen-faster.cc:273) Decoded utterance 22hc010n
22hc010o ROBERT FARRELL DIRECTOR OF TECHNICAL ANALYSIS AT MERRILL LYNCH TAKES DOW THEORY INTO CONSIDERATION WAS STUDYING THE MARKET BUT IT'S NOT HIS SOLE FORECASTING TOOL 
LOG (online2-wav-nnet2-latgen-faster:main():online2-wav-nnet2-latgen-faster.cc:273) Decoded utterance 22hc010o
22hc010p HE POINTS OUT THAT SINCE THE OCTOBER NINETEENTH PLUNGE THE DOW JONES TRANSPORTATION AVERAGE HAS DROPPED BELOW THE LOW IT POSTED DURING THE CRASH 
LOG (online2-wav-nnet2-latgen-faster:main():online2-wav-nnet2-latgen-faster.cc:273) Decoded utterance 22hc010p
22hc010q IT HAS SINCE REBOUNDED TO SEVEN HUNDRED FORTY FIVE POINT FIVE SEVEN WERE CLOSED FRIDAY LOSING FOUR POINT FIVE SEVEN POINTS IN THE SESSION 
LOG (online2-wav-nnet2-latgen-faster:main():online2-wav-nnet2-latgen-faster.cc:273) Decoded utterance 22hc010q
22hc010r HE BEGAN FEARING A POSSIBLE DIVIDEND CUT 
LOG (online2-wav-nnet2-latgen-faster:main():online2-wav-nnet2-latgen-faster.cc:273) Decoded utterance 22hc010r
22hc010s THE STOCK PRICE SANK 
LOG (online2-wav-nnet2-latgen-faster:main():online2-wav-nnet2-latgen-faster.cc:273) Decoded utterance 22hc010s
22hc010t WORST OF ALL HE SAYS SOMEBODY MIND ABOUT THE COMPANY WITH THE INTENTION OF BREAKING IT UP 
LOG (online2-wav-nnet2-latgen-faster:main():online2-wav-nnet2-latgen-faster.cc:273) Decoded utterance 22hc010t
22hc010u THE NIKKEI INDEX ADDED EIGHTY POINT OH SIX POINTS TO FINISH AT TWENTY EIGHT THOUSAND TWO HUNDRED NINE POINT FOUR TWO 
LOG (online2-wav-nnet2-latgen-faster:main():online2-wav-nnet2-latgen-faster.cc:273) Decoded utterance 22hc010u
22hc010v VOLUME ROSE TO AN ESTIMATED ONE BILLION SHARES FROM AN ESTIMATED SEVEN HUNDRED FIFTY MILLION SHARES ON THURSDAY 
LOG (online2-wav-nnet2-latgen-faster:main():online2-wav-nnet2-latgen-faster.cc:273) Decoded utterance 22hc010v
22hc010w THERE WERE FOUR HUNDRED EIGHTY TWO DECLINING ISSUES <UNK> THREE HUNDRED FORTY NINE ADVANCING AND ONE HUNDRED NINETY EIGHT UNCHANGED 
LOG (online2-wav-nnet2-latgen-faster:main():online2-wav-nnet2-latgen-faster.cc:273) Decoded utterance 22hc010w
22hc010x WE COULD DISTRIBUTE THE BONDS IN JAPAN IN EUROPE IN THE U. K. BUT NOT IN THE U. S. MR. LABRECQUE SAID 
LOG (online2-wav-nnet2-latgen-faster:main():online2-wav-nnet2-latgen-faster.cc:273) Decoded utterance 22hc010x
22hc010y THESE POWERS ARE IMPORTANT TO US 
LOG (online2-wav-nnet2-latgen-faster:main():online2-wav-nnet2-latgen-faster.cc:273) Decoded utterance 22hc010y
22hc010z OUR CUSTOMERS WANT THEM 
LOG (online2-wav-nnet2-latgen-faster:main():online2-wav-nnet2-latgen-faster.cc:273) Decoded utterance 22hc010z
22hc0110 THE QUESTION IS WHETHER U. S. BANKS WILL BE ALLOWED TO COMPETE 
LOG (online2-wav-nnet2-latgen-faster:main():online2-wav-nnet2-latgen-faster.cc:273) Decoded utterance 22hc0110
22hc0111 THAT'S NOT TO SAY HE IS LOOKING FOR A REBOUND IN THE NEXT COUPLE OF WEEKS OR EVEN MONTHS 
LOG (online2-wav-nnet2-latgen-faster:main():online2-wav-nnet2-latgen-faster.cc:273) Decoded utterance 22hc0111
22hc0112 THE THING THAT MOTIVATES WALL STREET IS SHORT TERM EARNINGS RESULTS AND ARE JUST NOT THERE HE SAYS 
LOG (online2-wav-nnet2-latgen-faster:main():online2-wav-nnet2-latgen-faster.cc:273) Decoded utterance 22hc0112
22hc0113 AND WE CAN TELL YOU WHEN THEY'RE GOING TO BE THERE 
LOG (online2-wav-nnet2-latgen-faster:main():online2-wav-nnet2-latgen-faster.cc:273) Decoded utterance 22hc0113
LOG (extract-segments:main():extract-segments.cc:194) Successfully processed 41 lines out of 41 in the segments file. 
22hc0114 IT MIGHT BE A YEAR OR MORE BEFORE WE GET PAID 
LOG (online2-wav-nnet2-latgen-faster:main():online2-wav-nnet2-latgen-faster.cc:273) Decoded utterance 22hc0114
LOG (online2-wav-nnet2-latgen-faster:Print():online-timing.cc:36) Timing stats: real-time factor was 1.41758 (note: this cannot be less than one.)
LOG (online2-wav-nnet2-latgen-faster:Print():online-timing.cc:38) Average delay was 2.49384 seconds.
LOG (online2-wav-nnet2-latgen-faster:Print():online-timing.cc:42) Percentage of time spent idling was 6.38771
LOG (online2-wav-nnet2-latgen-faster:Print():online-timing.cc:44) Longest delay was 8.82803 seconds for utterance '22hc010o'
LOG (online2-wav-nnet2-latgen-faster:main():online2-wav-nnet2-latgen-faster.cc:279) Decoded 41 utterances, 0 with errors.
LOG (online2-wav-nnet2-latgen-faster:main():online2-wav-nnet2-latgen-faster.cc:281) Overall likelihood per frame was 0.395893 per frame over 24404 frames.
# Accounting: time=343 threads=1
# Ended (code 0) at Fri Jun  2 18:12:42 BST 2017, elapsed time 343 seconds
