# online2-wav-nnet2-latgen-faster --online=true --do-endpointing=false --config=exp/nnet2_online/nnet_a_gpu_online/conf/online_nnet2_decoding.conf --max-active=7000 --beam=15.0 --lattice-beam=6.0 --acoustic-scale=0.1 --word-symbol-table=exp/tri4a/graph/words.txt exp/nnet2_online/nnet_a_gpu_online/final.mdl exp/tri4a/graph/HCLG.fst ark:exp/nnet2_online/nnet_a_gpu_online/decode_utt/per_utt/utt2spk.1 "ark,s,cs:extract-segments scp,p:data/dt/split10utt/1/wav.scp data/dt/split10utt/1/segments ark:- |" "ark:|gzip -c > exp/nnet2_online/nnet_a_gpu_online/decode_utt/lat.1.gz" 
# Started at Fri Jun  2 18:06:59 BST 2017
#
online2-wav-nnet2-latgen-faster --online=true --do-endpointing=false --config=exp/nnet2_online/nnet_a_gpu_online/conf/online_nnet2_decoding.conf --max-active=7000 --beam=15.0 --lattice-beam=6.0 --acoustic-scale=0.1 --word-symbol-table=exp/tri4a/graph/words.txt exp/nnet2_online/nnet_a_gpu_online/final.mdl exp/tri4a/graph/HCLG.fst ark:exp/nnet2_online/nnet_a_gpu_online/decode_utt/per_utt/utt2spk.1 'ark,s,cs:extract-segments scp,p:data/dt/split10utt/1/wav.scp data/dt/split10utt/1/segments ark:- |' 'ark:|gzip -c > exp/nnet2_online/nnet_a_gpu_online/decode_utt/lat.1.gz' 
extract-segments scp,p:data/dt/split10utt/1/wav.scp data/dt/split10utt/1/segments ark:- 
WARNING (extract-segments:Read():wave-reader.cc:230) Expected 9334020 bytes in RIFF chunk, but after first data block there will be 36 + 9333902 bytes (we do not support reading multiple data chunks).
050c0101 LAST MONTH OVERALL GOODS PRODUCING EMPLOYMENT FELL SIXTY EIGHT THOUSAND AFTER A THIRTY TWO THOUSAND JOB RISE IN FEBRUARY 
LOG (online2-wav-nnet2-latgen-faster:main():online2-wav-nnet2-latgen-faster.cc:273) Decoded utterance 050c0101
050c0102 THE DEPARTMENT SAID THE DECLINE IN FACTORY JOBS WAS CONCENTRATED IN MOTOR VEHICLES AND ELECTRICAL AND ELECTRONIC EQUIPMENT 
LOG (online2-wav-nnet2-latgen-faster:main():online2-wav-nnet2-latgen-faster.cc:273) Decoded utterance 050c0102
050c0103 CONSTRUCTION EMPLOYMENT FELL FORTY SEVEN THOUSAND AFTER A FIFTEEN THOUSAND JOB DECLINE THE MONTH BEFORE 
LOG (online2-wav-nnet2-latgen-faster:main():online2-wav-nnet2-latgen-faster.cc:273) Decoded utterance 050c0103
050c0104 MINING EMPLOYMENT WHICH INCLUDES THE OIL AND GAS EXTRACTION INDUSTRY ROSE THREE THOUSAND AFTER A ONE THOUSAND JOB RISE 
LOG (online2-wav-nnet2-latgen-faster:main():online2-wav-nnet2-latgen-faster.cc:273) Decoded utterance 050c0104
050c0105 IN A STATEMENT R. L. R. SAID THE BROKERAGE UNIT GENERATED SUBSTANTIALLY ALL OF ITS REVENUE 
LOG (online2-wav-nnet2-latgen-faster:main():online2-wav-nnet2-latgen-faster.cc:273) Decoded utterance 050c0105
050c0106 IT SAID IT IS NEGOTIATING THE SALE OF CERTAIN ASSETS OF THE BROKERAGE UNIT 
LOG (online2-wav-nnet2-latgen-faster:main():online2-wav-nnet2-latgen-faster.cc:273) Decoded utterance 050c0106
050c0107 THE PARENT COMPANY ADDED THAT IT MAY SEEK OTHER BUSINESS OPPORTUNITIES SUBJECT TO THE AVAILABILITY OF FINANCING WHICH MAY NOT BE AVAILABLE 
LOG (online2-wav-nnet2-latgen-faster:main():online2-wav-nnet2-latgen-faster.cc:273) Decoded utterance 050c0107
050c0108 U. S. CAR SALES FELL TEN POINT ONE PERCENT IN EARLY NOVEMBER FROM A YEAR AGO 
LOG (online2-wav-nnet2-latgen-faster:main():online2-wav-nnet2-latgen-faster.cc:273) Decoded utterance 050c0108
050c0109 THOUGH THERE WAS LITTLE EVIDENCE THE STOCK MARKET PLUNGE HAD AFFECTED SALES THE OUTLOOK REMAINS UNCERTAIN 
LOG (online2-wav-nnet2-latgen-faster:main():online2-wav-nnet2-latgen-faster.cc:273) Decoded utterance 050c0109
050c010a CHRYSLER REDUCED SOME PRICES ON FRIDAY 
LOG (online2-wav-nnet2-latgen-faster:main():online2-wav-nnet2-latgen-faster.cc:273) Decoded utterance 050c010a
050c010b L. T. V. THE NATION'S NUMBER TWO STEELMAKER SAID THE SALE IS AMONG A NUMBER OF OPTIONS UNDER STUDY FOR THE PLANT 
LOG (online2-wav-nnet2-latgen-faster:main():online2-wav-nnet2-latgen-faster.cc:273) Decoded utterance 050c010b
050c010c OTHERS INCLUDE A JOINT VENTURE WITH ANOTHER COMPANY OR AN EMPLOYEE BUY OUT 
LOG (online2-wav-nnet2-latgen-faster:main():online2-wav-nnet2-latgen-faster.cc:273) Decoded utterance 050c010c
050c010d L. T. V. SAID IT RETAINED SHEARSON LEHMAN BROTHERS INCORPORATED TO HELP WITH THE STUDY 
LOG (online2-wav-nnet2-latgen-faster:main():online2-wav-nnet2-latgen-faster.cc:273) Decoded utterance 050c010d
050c010e AUTO SALES ROSE TWO POINT FOUR PERCENT IN DECEMBER AFTER DECLINING ZERO POINT SEVEN PERCENT IN NOVEMBER 
LOG (online2-wav-nnet2-latgen-faster:main():online2-wav-nnet2-latgen-faster.cc:273) Decoded utterance 050c010e
050c010f FURNITURE SALES FELL ZERO POINT FIVE PERCENT AFTER RISING ZERO POINT TWO PERCENT 
LOG (online2-wav-nnet2-latgen-faster:main():online2-wav-nnet2-latgen-faster.cc:273) Decoded utterance 050c010f
050c010g SALES OF BUILDING MATERIALS INCREASED ONE POINT THREE PERCENT AFTER A ONE POINT ONE PERCENT DROP 
LOG (online2-wav-nnet2-latgen-faster:main():online2-wav-nnet2-latgen-faster.cc:273) Decoded utterance 050c010g
050c010h OVERALL SALES OF DURABLE GOODS INTENDED TO LAST THREE YEARS OR MORE CLIMBED ONE POINT SEVEN PERCENT AFTER A ZERO POINT TWO PERCENT RISE IN NOVEMBER 
LOG (online2-wav-nnet2-latgen-faster:main():online2-wav-nnet2-latgen-faster.cc:273) Decoded utterance 050c010h
050c010i STOCK PRICES ALSO WERE MIXED IN PARIS ZURICH AND STOCKHOLM 
LOG (online2-wav-nnet2-latgen-faster:main():online2-wav-nnet2-latgen-faster.cc:273) Decoded utterance 050c010i
050c010j STOCKS ROSE IN AMSTERDAM AND WERE LOWER IN BRUSSELS AND MILAN 
LOG (online2-wav-nnet2-latgen-faster:main():online2-wav-nnet2-latgen-faster.cc:273) Decoded utterance 050c010j
050c010k MOST EUROPEAN TRADERS WERE REPORTEDLY STAYING OUT OF ACTION UNTIL THE TRADE FIGURES ARE RELEASED 
LOG (online2-wav-nnet2-latgen-faster:main():online2-wav-nnet2-latgen-faster.cc:273) Decoded utterance 050c010k
050c010l THE BELL COMPANIES ARE HOPING ELECTRONIC MAIL AND VOICE MAIL WILL BECOME A MAJOR REVENUE SOURCE 
LOG (online2-wav-nnet2-latgen-faster:main():online2-wav-nnet2-latgen-faster.cc:273) Decoded utterance 050c010l
050c010m LAKE RESOURCES CORPORATION ESTIMATES THE ELECTRONIC MAIL MARKET AT ABOUT TWO HUNDRED NINETY SIX MILLION DOLLARS A YEAR AND VOICE MAIL AT ABOUT SEVENTY SIX MILLION DOLLARS 
LOG (online2-wav-nnet2-latgen-faster:main():online2-wav-nnet2-latgen-faster.cc:273) Decoded utterance 050c010m
050c010n INDUSTRY ANALYSTS EXPECT THE MARKET TO DOUBLE WHEN IT BECOMES AVAILABLE TO RESIDENTIAL CUSTOMERS 
LOG (online2-wav-nnet2-latgen-faster:main():online2-wav-nnet2-latgen-faster.cc:273) Decoded utterance 050c010n
050c010o SUPERIOR INDUSTRIES INTERNATIONAL FELL THREE AND ONE QUARTER TO FIFTEEN AND ONE HALF 
LOG (online2-wav-nnet2-latgen-faster:main():online2-wav-nnet2-latgen-faster.cc:273) Decoded utterance 050c010o
050c010p THE COMPANY SAID IT ENDED TALKS ON A POSSIBLE BUSINESS COMBINATION 
LOG (online2-wav-nnet2-latgen-faster:main():online2-wav-nnet2-latgen-faster.cc:273) Decoded utterance 050c010p
050c010q IT DIDN'T ELABORATE 
LOG (online2-wav-nnet2-latgen-faster:main():online2-wav-nnet2-latgen-faster.cc:273) Decoded utterance 050c010q
050c010r THE MANAGEMENT COMMITTEES PLAN FOR THE NEW GOVERNING BODY CAN TAKE EFFECT IF APPROVED BY SEVENTY FIVE PERCENT OF THE EXCHANGE'S MEMBERS 
LOG (online2-wav-nnet2-latgen-faster:main():online2-wav-nnet2-latgen-faster.cc:273) Decoded utterance 050c010r
050c010s A MEMBERSHIP MEETING HAS BEEN CALLED FOR JULY TWENTIETH TO VOTE COMMENT 
LOG (online2-wav-nnet2-latgen-faster:main():online2-wav-nnet2-latgen-faster.cc:273) Decoded utterance 050c010s
050c010t BECAUSE MOST MEMBERS ARE INDIVIDUAL BROKERS THE COMMITTEE COULD HAVE SOME DIFFICULTY WINNING APPROVAL 
LOG (online2-wav-nnet2-latgen-faster:main():online2-wav-nnet2-latgen-faster.cc:273) Decoded utterance 050c010t
050c010u IN JANUARY THE BEAVERTON OREGON TOY MAKER DISCLOSED TALKS CONCERNING ITS POSSIBLE TAKEOVER BY A THIRD PARTY A PROPOSED A FRIENDLY TRANSACTION 
LOG (online2-wav-nnet2-latgen-faster:main():online2-wav-nnet2-latgen-faster.cc:273) Decoded utterance 050c010u
050c010v BUT THE DISCUSSIONS SUBSEQUENTLY ENDED BECAUSE THE TWO SIDES COULDN'T AGREE ON FINANCIAL AND OTHER TERMS 
LOG (online2-wav-nnet2-latgen-faster:main():online2-wav-nnet2-latgen-faster.cc:273) Decoded utterance 050c010v
050c010w AT THE TIME THE COMPANY SAID IT WOULD EXPLORE OTHER OPTIONS 
LOG (online2-wav-nnet2-latgen-faster:main():online2-wav-nnet2-latgen-faster.cc:273) Decoded utterance 050c010w
050c010x A THIRD PARTY WASN'T IDENTIFIED 
LOG (online2-wav-nnet2-latgen-faster:main():online2-wav-nnet2-latgen-faster.cc:273) Decoded utterance 050c010x
050c010y MOREOVER B. C. C. I. OFFICIALS AND INDUSTRY ANALYSTS STRESSED THAT AS MUCH AS SEVENTY FIVE PERCENT OF THE BANK'S DEPOSIT BASE IS MADE UP OF RETAIL DEPOSITS 
LOG (online2-wav-nnet2-latgen-faster:main():online2-wav-nnet2-latgen-faster.cc:273) Decoded utterance 050c010y
050c010z THESE GENERALLY REACTED MUCH LESS THAN LARGE DEPOSITORS TO REPORTS OF THE SCANDAL 
LOG (online2-wav-nnet2-latgen-faster:main():online2-wav-nnet2-latgen-faster.cc:273) Decoded utterance 050c010z
050c0110 IN ADDITION THE BANK HAS ALWAYS PURSUED A POLICY OF KEEPING ITS BALANCE SHEET RELATIVELY LIQUID INSIDERS AND COMPETITORS SAID 
LOG (online2-wav-nnet2-latgen-faster:main():online2-wav-nnet2-latgen-faster.cc:273) Decoded utterance 050c0110
050c0111 YET WHEN WE DISCUSSED SOCIAL POLICY WE TALK AS OF MONEY THE POVERTY RATE WAS ALL THAT MATTERS 
LOG (online2-wav-nnet2-latgen-faster:main():online2-wav-nnet2-latgen-faster.cc:273) Decoded utterance 050c0111
050c0112 IT IS THE GENERIC STAND IN FOR THE SOCIAL PROBLEMS OF OUR AGE MR. MURRAY RIGHTS 
LOG (online2-wav-nnet2-latgen-faster:main():online2-wav-nnet2-latgen-faster.cc:273) Decoded utterance 050c0112
050c0113 SOLVE THE RIDDLE OF POVERTY WE HAVE OFTEN SEEM TO HOPE AND THE REST OF OUR PROBLEMS WILL SOLVE THEMSELVES 
LOG (online2-wav-nnet2-latgen-faster:main():online2-wav-nnet2-latgen-faster.cc:273) Decoded utterance 050c0113
050c0114 I JUST FELT IT WAS AN APPROPRIATE TIME TO PURSUE BUSINESS IDEAS AND WHILE MR. SAUNDERS SAID 
LOG (online2-wav-nnet2-latgen-faster:main():online2-wav-nnet2-latgen-faster.cc:273) Decoded utterance 050c0114
LOG (extract-segments:main():extract-segments.cc:194) Successfully processed 41 lines out of 41 in the segments file. 
050c0115 I'M NOT GOING TO RETIRE BUT AMONG LIKELY TO GO TO ANY LARGE INVESTMENT BANKING FIRM THE RIVALS MORGAN STANLEY 
LOG (online2-wav-nnet2-latgen-faster:main():online2-wav-nnet2-latgen-faster.cc:273) Decoded utterance 050c0115
LOG (online2-wav-nnet2-latgen-faster:Print():online-timing.cc:36) Timing stats: real-time factor was 1.40178 (note: this cannot be less than one.)
LOG (online2-wav-nnet2-latgen-faster:Print():online-timing.cc:38) Average delay was 2.76592 seconds.
LOG (online2-wav-nnet2-latgen-faster:Print():online-timing.cc:42) Percentage of time spent idling was 2.98357
LOG (online2-wav-nnet2-latgen-faster:Print():online-timing.cc:44) Longest delay was 8.08347 seconds for utterance '050c010y'
LOG (online2-wav-nnet2-latgen-faster:main():online2-wav-nnet2-latgen-faster.cc:279) Decoded 41 utterances, 0 with errors.
LOG (online2-wav-nnet2-latgen-faster:main():online2-wav-nnet2-latgen-faster.cc:281) Overall likelihood per frame was 0.376978 per frame over 28143 frames.
# Accounting: time=399 threads=1
# Ended (code 0) at Fri Jun  2 18:13:38 BST 2017, elapsed time 399 seconds
